2025-11-30 08:41:36,276 - navl.file_tree_viewer - DEBUG - init root
2025-11-30 08:41:36,287 - asyncio - DEBUG - Using selector: EpollSelector
2025-11-30 08:44:31,300 - navl.file_tree_viewer - DEBUG - init root
2025-11-30 08:44:31,311 - asyncio - DEBUG - Using selector: EpollSelector
2025-11-30 08:44:31,314 - navl.file_tree_viewer - DEBUG - Render a treenode
2025-11-30 08:44:45,838 - navl.file_tree_viewer - DEBUG - Expanded state to True
2025-11-30 08:44:45,839 - navl.file_tree_viewer - DEBUG - Render a treenode
2025-11-30 09:45:44,891 - navl.file_tree_viewer - DEBUG - Render a treenode
2025-12-07 14:50:20,800 - navl.file_tree_viewer - DEBUG - init root
2025-12-07 14:50:20,818 - asyncio - DEBUG - Using selector: EpollSelector
2025-12-07 14:50:20,823 - navl.file_tree_viewer - DEBUG - Render a treenode
2025-12-07 14:50:20,825 - navl.file_tree_viewer - DEBUG - Render a node.
2025-12-07 14:50:20,825 - navl.file_tree_viewer - DEBUG - Render a node.
2025-12-07 14:50:20,825 - navl.file_tree_viewer - DEBUG - Render a treenode
2025-12-07 14:50:20,825 - navl.file_tree_viewer - DEBUG - Render a node.
2025-12-07 14:50:20,825 - navl.file_tree_viewer - DEBUG - Render a node.
2025-12-07 14:50:20,825 - navl.file_tree_viewer - DEBUG - Render a node.
2025-12-07 14:50:20,825 - navl.file_tree_viewer - DEBUG - Render a node.
2025-12-07 14:50:20,825 - navl.file_tree_viewer - DEBUG - Render a treenode
2025-12-07 14:50:20,825 - navl.file_tree_viewer - DEBUG - Render a treenode
2025-12-07 14:50:20,825 - navl.file_tree_viewer - DEBUG - Render a node.
2025-12-07 14:50:24,958 - navl.file_tree_viewer - DEBUG - Render a treenode
2025-12-07 14:50:24,958 - navl.file_tree_viewer - DEBUG - Render a node.
2025-12-07 14:50:24,958 - navl.file_tree_viewer - DEBUG - Render a node.
2025-12-07 14:50:24,958 - navl.file_tree_viewer - DEBUG - Render a treenode
2025-12-07 14:50:24,958 - navl.file_tree_viewer - DEBUG - Render a node.
2025-12-07 14:50:24,958 - navl.file_tree_viewer - DEBUG - Render a node.
2025-12-07 14:50:24,958 - navl.file_tree_viewer - DEBUG - Render a node.
2025-12-07 14:50:24,958 - navl.file_tree_viewer - DEBUG - Render a node.
2025-12-07 14:50:24,958 - navl.file_tree_viewer - DEBUG - Render a treenode
2025-12-07 14:50:24,958 - navl.file_tree_viewer - DEBUG - Render a treenode
2025-12-07 14:50:24,958 - navl.file_tree_viewer - DEBUG - Render a node.
2025-12-07 14:51:31,409 - navl.file_tree_viewer - DEBUG - init root
2025-12-07 14:51:31,416 - asyncio - DEBUG - Using selector: EpollSelector
2025-12-07 14:51:31,418 - navl.file_tree_viewer - DEBUG - Render a node.
2025-12-07 14:51:31,419 - navl.file_tree_viewer - DEBUG - Render a node.
2025-12-07 14:51:31,419 - navl.file_tree_viewer - DEBUG - Render a node.
2025-12-07 14:51:31,419 - navl.file_tree_viewer - DEBUG - Render a node.
2025-12-07 14:51:31,419 - navl.file_tree_viewer - DEBUG - Render a node.
2025-12-07 14:51:31,419 - navl.file_tree_viewer - DEBUG - Render a node.
2025-12-07 14:51:31,419 - navl.file_tree_viewer - DEBUG - Render a node.
2025-12-07 14:51:31,419 - navl.file_tree_viewer - DEBUG - Render a node.
2025-12-07 14:51:31,419 - navl.file_tree_viewer - DEBUG - Render a node.
2025-12-07 14:51:31,419 - navl.file_tree_viewer - DEBUG - Render a node.
2025-12-07 14:51:31,419 - navl.file_tree_viewer - DEBUG - Render a node.
2025-12-07 14:51:39,341 - navl.file_tree_viewer - DEBUG - Render a node.
2025-12-07 14:51:39,341 - navl.file_tree_viewer - DEBUG - Render a node.
2025-12-07 14:51:39,341 - navl.file_tree_viewer - DEBUG - Render a node.
2025-12-07 14:51:39,341 - navl.file_tree_viewer - DEBUG - Render a node.
2025-12-07 14:51:39,341 - navl.file_tree_viewer - DEBUG - Render a node.
2025-12-07 14:51:39,341 - navl.file_tree_viewer - DEBUG - Render a node.
2025-12-07 14:51:39,341 - navl.file_tree_viewer - DEBUG - Render a node.
2025-12-07 14:51:39,341 - navl.file_tree_viewer - DEBUG - Render a node.
2025-12-07 14:51:39,341 - navl.file_tree_viewer - DEBUG - Render a node.
2025-12-07 14:51:39,341 - navl.file_tree_viewer - DEBUG - Render a node.
2025-12-07 14:51:39,341 - navl.file_tree_viewer - DEBUG - Render a node.
2025-12-07 14:51:39,933 - navl.file_tree_viewer - DEBUG - Render a node.
2025-12-07 14:51:39,933 - navl.file_tree_viewer - DEBUG - Render a node.
2025-12-07 14:51:39,933 - navl.file_tree_viewer - DEBUG - Render a node.
2025-12-07 14:51:39,933 - navl.file_tree_viewer - DEBUG - Render a node.
2025-12-07 14:51:39,933 - navl.file_tree_viewer - DEBUG - Render a node.
2025-12-07 14:51:39,933 - navl.file_tree_viewer - DEBUG - Render a node.
2025-12-07 14:51:39,933 - navl.file_tree_viewer - DEBUG - Render a node.
2025-12-07 14:51:39,934 - navl.file_tree_viewer - DEBUG - Render a node.
2025-12-07 14:51:39,934 - navl.file_tree_viewer - DEBUG - Render a node.
2025-12-07 14:51:39,934 - navl.file_tree_viewer - DEBUG - Render a node.
2025-12-07 14:51:39,934 - navl.file_tree_viewer - DEBUG - Render a node.
2025-12-07 14:55:47,557 - navl.file_tree_viewer - DEBUG - init root
2025-12-07 14:55:47,564 - asyncio - DEBUG - Using selector: EpollSelector
2025-12-07 14:55:47,567 - navl.file_tree_viewer - DEBUG - Render a node.
2025-12-07 14:55:47,568 - navl.file_tree_viewer - DEBUG - Render a node.
2025-12-07 14:55:47,568 - navl.file_tree_viewer - DEBUG - Render a node.
2025-12-07 14:55:47,568 - navl.file_tree_viewer - DEBUG - Render a node.
2025-12-07 14:55:47,568 - navl.file_tree_viewer - DEBUG - Render a node.
2025-12-07 14:55:47,568 - navl.file_tree_viewer - DEBUG - Render a node.
2025-12-07 14:55:47,568 - navl.file_tree_viewer - DEBUG - Render a node.
2025-12-07 14:55:47,568 - navl.file_tree_viewer - DEBUG - Render a node.
2025-12-07 14:55:47,568 - navl.file_tree_viewer - DEBUG - Render a node.
2025-12-07 14:55:47,568 - navl.file_tree_viewer - DEBUG - Render a node.
2025-12-07 14:55:47,568 - navl.file_tree_viewer - DEBUG - Render a node.
2025-12-07 14:55:52,802 - navl.file_tree_viewer - DEBUG - Render a node.
2025-12-07 14:55:52,802 - navl.file_tree_viewer - DEBUG - Render a node.
2025-12-07 14:55:52,802 - navl.file_tree_viewer - DEBUG - Render a node.
2025-12-07 14:55:52,802 - navl.file_tree_viewer - DEBUG - Render a node.
2025-12-07 14:55:52,802 - navl.file_tree_viewer - DEBUG - Render a node.
2025-12-07 14:55:52,802 - navl.file_tree_viewer - DEBUG - Render a node.
2025-12-07 14:55:52,802 - navl.file_tree_viewer - DEBUG - Render a node.
2025-12-07 14:55:52,802 - navl.file_tree_viewer - DEBUG - Render a node.
2025-12-07 14:55:52,802 - navl.file_tree_viewer - DEBUG - Render a node.
2025-12-07 14:55:52,802 - navl.file_tree_viewer - DEBUG - Render a node.
2025-12-07 14:55:52,802 - navl.file_tree_viewer - DEBUG - Render a node.
2025-12-07 14:56:06,379 - navl.file_tree_viewer - DEBUG - init root
2025-12-07 14:56:06,385 - asyncio - DEBUG - Using selector: EpollSelector
2025-12-07 14:56:06,388 - navl.file_tree_viewer - DEBUG - Render a node.
2025-12-07 14:56:06,389 - navl.file_tree_viewer - DEBUG - Render a node.
2025-12-07 14:56:06,389 - navl.file_tree_viewer - DEBUG - Render a node.
2025-12-07 14:56:06,389 - navl.file_tree_viewer - DEBUG - Render a node.
2025-12-07 14:56:06,389 - navl.file_tree_viewer - DEBUG - Render a node.
2025-12-07 14:56:06,389 - navl.file_tree_viewer - DEBUG - Render a node.
2025-12-07 14:56:06,389 - navl.file_tree_viewer - DEBUG - Render a node.
2025-12-07 14:56:06,389 - navl.file_tree_viewer - DEBUG - Render a node.
2025-12-07 14:56:06,389 - navl.file_tree_viewer - DEBUG - Render a node.
2025-12-07 14:56:06,389 - navl.file_tree_viewer - DEBUG - Render a node.
2025-12-07 14:56:06,389 - navl.file_tree_viewer - DEBUG - Render a node.
2025-12-07 14:56:09,679 - navl.file_tree_viewer - DEBUG - Render a node.
2025-12-07 14:56:09,679 - navl.file_tree_viewer - DEBUG - Render a node.
2025-12-07 14:56:09,680 - navl.file_tree_viewer - DEBUG - Render a node.
2025-12-07 14:56:09,680 - navl.file_tree_viewer - DEBUG - Render a node.
2025-12-07 14:56:09,680 - navl.file_tree_viewer - DEBUG - Render a node.
2025-12-07 14:56:09,680 - navl.file_tree_viewer - DEBUG - Render a node.
2025-12-07 14:56:09,680 - navl.file_tree_viewer - DEBUG - Render a node.
2025-12-07 14:56:09,680 - navl.file_tree_viewer - DEBUG - Render a node.
2025-12-07 14:56:09,680 - navl.file_tree_viewer - DEBUG - Render a node.
2025-12-07 14:56:09,680 - navl.file_tree_viewer - DEBUG - Render a node.
2025-12-07 14:56:09,680 - navl.file_tree_viewer - DEBUG - Render a node.
2025-12-07 14:56:10,099 - navl.file_tree_viewer - DEBUG - Render a node.
2025-12-07 14:56:10,099 - navl.file_tree_viewer - DEBUG - Render a node.
2025-12-07 14:56:10,099 - navl.file_tree_viewer - DEBUG - Render a node.
2025-12-07 14:56:10,099 - navl.file_tree_viewer - DEBUG - Render a node.
2025-12-07 14:56:10,099 - navl.file_tree_viewer - DEBUG - Render a node.
2025-12-07 14:56:10,099 - navl.file_tree_viewer - DEBUG - Render a node.
2025-12-07 14:56:10,099 - navl.file_tree_viewer - DEBUG - Render a node.
2025-12-07 14:56:10,100 - navl.file_tree_viewer - DEBUG - Render a node.
2025-12-07 14:56:10,100 - navl.file_tree_viewer - DEBUG - Render a node.
2025-12-07 14:56:10,100 - navl.file_tree_viewer - DEBUG - Render a node.
2025-12-07 14:56:10,100 - navl.file_tree_viewer - DEBUG - Render a node.
2025-12-07 14:57:00,702 - navl.file_tree_viewer - DEBUG - Render a node.
2025-12-07 14:57:00,703 - navl.file_tree_viewer - DEBUG - Render a node.
2025-12-07 14:57:00,703 - navl.file_tree_viewer - DEBUG - Render a node.
2025-12-07 14:57:00,703 - navl.file_tree_viewer - DEBUG - Render a node.
2025-12-07 14:57:00,703 - navl.file_tree_viewer - DEBUG - Render a node.
2025-12-07 14:57:00,703 - navl.file_tree_viewer - DEBUG - Render a node.
2025-12-07 14:57:00,703 - navl.file_tree_viewer - DEBUG - Render a node.
2025-12-07 14:57:00,703 - navl.file_tree_viewer - DEBUG - Render a node.
2025-12-07 14:57:00,704 - navl.file_tree_viewer - DEBUG - Render a node.
2025-12-07 14:57:00,704 - navl.file_tree_viewer - DEBUG - Render a node.
2025-12-07 14:57:00,704 - navl.file_tree_viewer - DEBUG - Render a node.
2025-12-07 14:59:15,992 - navl.file_tree_viewer - DEBUG - init root
2025-12-07 14:59:15,999 - asyncio - DEBUG - Using selector: EpollSelector
2025-12-07 14:59:16,002 - navl.file_tree_viewer - DEBUG - Render a node.
2025-12-07 14:59:16,003 - navl.file_tree_viewer - DEBUG - Render a node.
2025-12-07 14:59:16,003 - navl.file_tree_viewer - DEBUG - Render a node.
2025-12-07 14:59:16,003 - navl.file_tree_viewer - DEBUG - Render a node.
2025-12-07 14:59:16,003 - navl.file_tree_viewer - DEBUG - Render a node.
2025-12-07 14:59:16,003 - navl.file_tree_viewer - DEBUG - Render a node.
2025-12-07 14:59:16,003 - navl.file_tree_viewer - DEBUG - Render a node.
2025-12-07 14:59:16,003 - navl.file_tree_viewer - DEBUG - Render a node.
2025-12-07 14:59:16,003 - navl.file_tree_viewer - DEBUG - Render a node.
2025-12-07 14:59:16,003 - navl.file_tree_viewer - DEBUG - Render a node.
2025-12-07 14:59:16,003 - navl.file_tree_viewer - DEBUG - Render a node.
2025-12-07 14:59:18,353 - navl.file_tree_viewer - DEBUG - Render a node.
2025-12-07 14:59:18,353 - navl.file_tree_viewer - DEBUG - Render a node.
2025-12-07 14:59:18,353 - navl.file_tree_viewer - DEBUG - Render a node.
2025-12-07 14:59:18,353 - navl.file_tree_viewer - DEBUG - Render a node.
2025-12-07 14:59:18,353 - navl.file_tree_viewer - DEBUG - Render a node.
2025-12-07 14:59:18,353 - navl.file_tree_viewer - DEBUG - Render a node.
2025-12-07 14:59:18,353 - navl.file_tree_viewer - DEBUG - Render a node.
2025-12-07 14:59:18,353 - navl.file_tree_viewer - DEBUG - Render a node.
2025-12-07 14:59:18,353 - navl.file_tree_viewer - DEBUG - Render a node.
2025-12-07 14:59:18,353 - navl.file_tree_viewer - DEBUG - Render a node.
2025-12-07 14:59:18,353 - navl.file_tree_viewer - DEBUG - Render a node.
2025-12-07 14:59:18,913 - navl.file_tree_viewer - DEBUG - Render a node.
2025-12-07 14:59:18,913 - navl.file_tree_viewer - DEBUG - Render a node.
2025-12-07 14:59:18,913 - navl.file_tree_viewer - DEBUG - Render a node.
2025-12-07 14:59:18,913 - navl.file_tree_viewer - DEBUG - Render a node.
2025-12-07 14:59:18,914 - navl.file_tree_viewer - DEBUG - Render a node.
2025-12-07 14:59:18,914 - navl.file_tree_viewer - DEBUG - Render a node.
2025-12-07 14:59:18,914 - navl.file_tree_viewer - DEBUG - Render a node.
2025-12-07 14:59:18,914 - navl.file_tree_viewer - DEBUG - Render a node.
2025-12-07 14:59:18,914 - navl.file_tree_viewer - DEBUG - Render a node.
2025-12-07 14:59:18,914 - navl.file_tree_viewer - DEBUG - Render a node.
2025-12-07 14:59:18,914 - navl.file_tree_viewer - DEBUG - Render a node.
2025-12-07 14:59:19,061 - navl.file_tree_viewer - DEBUG - Render a node.
2025-12-07 14:59:19,061 - navl.file_tree_viewer - DEBUG - Render a node.
2025-12-07 14:59:19,062 - navl.file_tree_viewer - DEBUG - Render a node.
2025-12-07 14:59:19,062 - navl.file_tree_viewer - DEBUG - Render a node.
2025-12-07 14:59:19,062 - navl.file_tree_viewer - DEBUG - Render a node.
2025-12-07 14:59:19,062 - navl.file_tree_viewer - DEBUG - Render a node.
2025-12-07 14:59:19,062 - navl.file_tree_viewer - DEBUG - Render a node.
2025-12-07 14:59:19,062 - navl.file_tree_viewer - DEBUG - Render a node.
2025-12-07 14:59:19,063 - navl.file_tree_viewer - DEBUG - Render a node.
2025-12-07 14:59:19,063 - navl.file_tree_viewer - DEBUG - Render a node.
2025-12-07 14:59:19,063 - navl.file_tree_viewer - DEBUG - Render a node.
2025-12-07 14:59:19,808 - navl.file_tree_viewer - DEBUG - Render a node.
2025-12-07 14:59:19,808 - navl.file_tree_viewer - DEBUG - Render a node.
2025-12-07 14:59:19,809 - navl.file_tree_viewer - DEBUG - Render a node.
2025-12-07 14:59:19,809 - navl.file_tree_viewer - DEBUG - Render a node.
2025-12-07 14:59:19,860 - navl.file_tree_viewer - DEBUG - Render a node.
2025-12-07 14:59:19,861 - navl.file_tree_viewer - DEBUG - Render a node.
2025-12-07 14:59:19,861 - navl.file_tree_viewer - DEBUG - Render a node.
2025-12-07 14:59:19,861 - navl.file_tree_viewer - DEBUG - Render a node.
2025-12-07 14:59:19,861 - navl.file_tree_viewer - DEBUG - Render a node.
2025-12-07 14:59:19,861 - navl.file_tree_viewer - DEBUG - Render a node.
2025-12-07 14:59:19,861 - navl.file_tree_viewer - DEBUG - Render a node.
2025-12-07 14:59:20,017 - navl.file_tree_viewer - DEBUG - Render a node.
2025-12-07 14:59:20,017 - navl.file_tree_viewer - DEBUG - Render a node.
2025-12-07 14:59:20,017 - navl.file_tree_viewer - DEBUG - Render a node.
2025-12-07 14:59:20,018 - navl.file_tree_viewer - DEBUG - Render a node.
2025-12-07 14:59:20,018 - navl.file_tree_viewer - DEBUG - Render a node.
2025-12-07 14:59:20,018 - navl.file_tree_viewer - DEBUG - Render a node.
2025-12-07 14:59:20,018 - navl.file_tree_viewer - DEBUG - Render a node.
2025-12-07 14:59:20,018 - navl.file_tree_viewer - DEBUG - Render a node.
2025-12-07 14:59:20,018 - navl.file_tree_viewer - DEBUG - Render a node.
2025-12-07 14:59:20,018 - navl.file_tree_viewer - DEBUG - Render a node.
2025-12-07 14:59:20,018 - navl.file_tree_viewer - DEBUG - Render a node.
2025-12-07 14:59:20,192 - navl.file_tree_viewer - DEBUG - Render a node.
2025-12-07 14:59:20,192 - navl.file_tree_viewer - DEBUG - Render a node.
2025-12-07 14:59:20,192 - navl.file_tree_viewer - DEBUG - Render a node.
2025-12-07 14:59:20,192 - navl.file_tree_viewer - DEBUG - Render a node.
2025-12-07 14:59:20,192 - navl.file_tree_viewer - DEBUG - Render a node.
2025-12-07 14:59:20,193 - navl.file_tree_viewer - DEBUG - Render a node.
2025-12-07 14:59:20,193 - navl.file_tree_viewer - DEBUG - Render a node.
2025-12-07 14:59:20,193 - navl.file_tree_viewer - DEBUG - Render a node.
2025-12-07 14:59:20,193 - navl.file_tree_viewer - DEBUG - Render a node.
2025-12-07 14:59:20,193 - navl.file_tree_viewer - DEBUG - Render a node.
2025-12-07 14:59:20,193 - navl.file_tree_viewer - DEBUG - Render a node.
2025-12-07 14:59:20,466 - navl.file_tree_viewer - DEBUG - Render a node.
2025-12-07 14:59:20,466 - navl.file_tree_viewer - DEBUG - Render a node.
2025-12-07 14:59:20,466 - navl.file_tree_viewer - DEBUG - Render a node.
2025-12-07 14:59:20,466 - navl.file_tree_viewer - DEBUG - Render a node.
2025-12-07 14:59:20,467 - navl.file_tree_viewer - DEBUG - Render a node.
2025-12-07 14:59:20,467 - navl.file_tree_viewer - DEBUG - Render a node.
2025-12-07 14:59:20,467 - navl.file_tree_viewer - DEBUG - Render a node.
2025-12-07 14:59:20,467 - navl.file_tree_viewer - DEBUG - Render a node.
2025-12-07 14:59:20,467 - navl.file_tree_viewer - DEBUG - Render a node.
2025-12-07 14:59:20,467 - navl.file_tree_viewer - DEBUG - Render a node.
2025-12-07 14:59:20,467 - navl.file_tree_viewer - DEBUG - Render a node.
2025-12-07 14:59:21,006 - navl.file_tree_viewer - DEBUG - Render a node.
2025-12-07 14:59:21,006 - navl.file_tree_viewer - DEBUG - Render a node.
2025-12-07 14:59:21,006 - navl.file_tree_viewer - DEBUG - Render a node.
2025-12-07 14:59:21,007 - navl.file_tree_viewer - DEBUG - Render a node.
2025-12-07 14:59:21,007 - navl.file_tree_viewer - DEBUG - Render a node.
2025-12-07 14:59:21,007 - navl.file_tree_viewer - DEBUG - Render a node.
2025-12-07 14:59:21,007 - navl.file_tree_viewer - DEBUG - Render a node.
2025-12-07 14:59:21,007 - navl.file_tree_viewer - DEBUG - Render a node.
2025-12-07 14:59:21,007 - navl.file_tree_viewer - DEBUG - Render a node.
2025-12-07 14:59:21,008 - navl.file_tree_viewer - DEBUG - Render a node.
2025-12-07 14:59:21,008 - navl.file_tree_viewer - DEBUG - Render a node.
2025-12-07 14:59:21,188 - navl.file_tree_viewer - DEBUG - Render a node.
2025-12-07 14:59:21,189 - navl.file_tree_viewer - DEBUG - Render a node.
2025-12-07 14:59:21,189 - navl.file_tree_viewer - DEBUG - Render a node.
2025-12-07 14:59:21,189 - navl.file_tree_viewer - DEBUG - Render a node.
2025-12-07 14:59:21,189 - navl.file_tree_viewer - DEBUG - Render a node.
2025-12-07 14:59:21,189 - navl.file_tree_viewer - DEBUG - Render a node.
2025-12-07 14:59:21,189 - navl.file_tree_viewer - DEBUG - Render a node.
2025-12-07 14:59:21,189 - navl.file_tree_viewer - DEBUG - Render a node.
2025-12-07 14:59:21,190 - navl.file_tree_viewer - DEBUG - Render a node.
2025-12-07 14:59:21,190 - navl.file_tree_viewer - DEBUG - Render a node.
2025-12-07 14:59:21,190 - navl.file_tree_viewer - DEBUG - Render a node.
2025-12-07 14:59:21,473 - navl.file_tree_viewer - DEBUG - Render a node.
2025-12-07 14:59:21,473 - navl.file_tree_viewer - DEBUG - Render a node.
2025-12-07 14:59:21,473 - navl.file_tree_viewer - DEBUG - Render a node.
2025-12-07 14:59:21,473 - navl.file_tree_viewer - DEBUG - Render a node.
2025-12-07 14:59:21,473 - navl.file_tree_viewer - DEBUG - Render a node.
2025-12-07 14:59:21,473 - navl.file_tree_viewer - DEBUG - Render a node.
2025-12-07 14:59:21,474 - navl.file_tree_viewer - DEBUG - Render a node.
2025-12-07 14:59:21,474 - navl.file_tree_viewer - DEBUG - Render a node.
2025-12-07 14:59:21,474 - navl.file_tree_viewer - DEBUG - Render a node.
2025-12-07 14:59:21,474 - navl.file_tree_viewer - DEBUG - Render a node.
2025-12-07 14:59:21,474 - navl.file_tree_viewer - DEBUG - Render a node.
2025-12-07 14:59:21,539 - navl.file_tree_viewer - DEBUG - Render a node.
2025-12-07 14:59:21,539 - navl.file_tree_viewer - DEBUG - Render a node.
2025-12-07 14:59:21,539 - navl.file_tree_viewer - DEBUG - Render a node.
2025-12-07 14:59:21,540 - navl.file_tree_viewer - DEBUG - Render a node.
2025-12-07 14:59:21,540 - navl.file_tree_viewer - DEBUG - Render a node.
2025-12-07 14:59:21,540 - navl.file_tree_viewer - DEBUG - Render a node.
2025-12-07 14:59:21,540 - navl.file_tree_viewer - DEBUG - Render a node.
2025-12-07 14:59:21,540 - navl.file_tree_viewer - DEBUG - Render a node.
2025-12-07 14:59:21,540 - navl.file_tree_viewer - DEBUG - Render a node.
2025-12-07 14:59:21,540 - navl.file_tree_viewer - DEBUG - Render a node.
2025-12-07 14:59:21,540 - navl.file_tree_viewer - DEBUG - Render a node.
2025-12-07 14:59:21,614 - navl.file_tree_viewer - DEBUG - Render a node.
2025-12-07 14:59:21,615 - navl.file_tree_viewer - DEBUG - Render a node.
2025-12-07 14:59:21,615 - navl.file_tree_viewer - DEBUG - Render a node.
2025-12-07 14:59:21,615 - navl.file_tree_viewer - DEBUG - Render a node.
2025-12-07 14:59:21,615 - navl.file_tree_viewer - DEBUG - Render a node.
2025-12-07 14:59:21,615 - navl.file_tree_viewer - DEBUG - Render a node.
2025-12-07 14:59:21,615 - navl.file_tree_viewer - DEBUG - Render a node.
2025-12-07 14:59:21,615 - navl.file_tree_viewer - DEBUG - Render a node.
2025-12-07 14:59:21,615 - navl.file_tree_viewer - DEBUG - Render a node.
2025-12-07 14:59:21,616 - navl.file_tree_viewer - DEBUG - Render a node.
2025-12-07 14:59:21,616 - navl.file_tree_viewer - DEBUG - Render a node.
2025-12-07 14:59:21,667 - navl.file_tree_viewer - DEBUG - Render a node.
2025-12-07 14:59:21,668 - navl.file_tree_viewer - DEBUG - Render a node.
2025-12-07 14:59:21,668 - navl.file_tree_viewer - DEBUG - Render a node.
2025-12-07 14:59:21,668 - navl.file_tree_viewer - DEBUG - Render a node.
2025-12-07 14:59:21,668 - navl.file_tree_viewer - DEBUG - Render a node.
2025-12-07 14:59:21,668 - navl.file_tree_viewer - DEBUG - Render a node.
2025-12-07 14:59:21,668 - navl.file_tree_viewer - DEBUG - Render a node.
2025-12-07 14:59:21,668 - navl.file_tree_viewer - DEBUG - Render a node.
2025-12-07 14:59:21,668 - navl.file_tree_viewer - DEBUG - Render a node.
2025-12-07 14:59:21,669 - navl.file_tree_viewer - DEBUG - Render a node.
2025-12-07 14:59:21,669 - navl.file_tree_viewer - DEBUG - Render a node.
2025-12-07 14:59:21,809 - navl.file_tree_viewer - DEBUG - Render a node.
2025-12-07 14:59:21,809 - navl.file_tree_viewer - DEBUG - Render a node.
2025-12-07 14:59:21,809 - navl.file_tree_viewer - DEBUG - Render a node.
2025-12-07 14:59:21,809 - navl.file_tree_viewer - DEBUG - Render a node.
2025-12-07 14:59:21,809 - navl.file_tree_viewer - DEBUG - Render a node.
2025-12-07 14:59:21,809 - navl.file_tree_viewer - DEBUG - Render a node.
2025-12-07 14:59:21,809 - navl.file_tree_viewer - DEBUG - Render a node.
2025-12-07 14:59:21,809 - navl.file_tree_viewer - DEBUG - Render a node.
2025-12-07 14:59:21,809 - navl.file_tree_viewer - DEBUG - Render a node.
2025-12-07 14:59:21,809 - navl.file_tree_viewer - DEBUG - Render a node.
2025-12-07 14:59:21,810 - navl.file_tree_viewer - DEBUG - Render a node.
2025-12-07 14:59:21,821 - navl.file_tree_viewer - DEBUG - Render a node.
2025-12-07 14:59:21,822 - navl.file_tree_viewer - DEBUG - Render a node.
2025-12-07 14:59:21,822 - navl.file_tree_viewer - DEBUG - Render a node.
2025-12-07 14:59:21,822 - navl.file_tree_viewer - DEBUG - Render a node.
2025-12-07 14:59:21,822 - navl.file_tree_viewer - DEBUG - Render a node.
2025-12-07 14:59:21,822 - navl.file_tree_viewer - DEBUG - Render a node.
2025-12-07 14:59:21,822 - navl.file_tree_viewer - DEBUG - Render a node.
2025-12-07 14:59:21,822 - navl.file_tree_viewer - DEBUG - Render a node.
2025-12-07 14:59:21,822 - navl.file_tree_viewer - DEBUG - Render a node.
2025-12-07 14:59:21,822 - navl.file_tree_viewer - DEBUG - Render a node.
2025-12-07 14:59:21,822 - navl.file_tree_viewer - DEBUG - Render a node.
2025-12-07 14:59:21,913 - navl.file_tree_viewer - DEBUG - Render a node.
2025-12-07 14:59:21,914 - navl.file_tree_viewer - DEBUG - Render a node.
2025-12-07 14:59:21,914 - navl.file_tree_viewer - DEBUG - Render a node.
2025-12-07 14:59:21,914 - navl.file_tree_viewer - DEBUG - Render a node.
2025-12-07 14:59:21,914 - navl.file_tree_viewer - DEBUG - Render a node.
2025-12-07 14:59:21,914 - navl.file_tree_viewer - DEBUG - Render a node.
2025-12-07 14:59:21,914 - navl.file_tree_viewer - DEBUG - Render a node.
2025-12-07 14:59:21,915 - navl.file_tree_viewer - DEBUG - Render a node.
2025-12-07 14:59:21,915 - navl.file_tree_viewer - DEBUG - Render a node.
2025-12-07 14:59:21,915 - navl.file_tree_viewer - DEBUG - Render a node.
2025-12-07 14:59:21,915 - navl.file_tree_viewer - DEBUG - Render a node.
2025-12-07 14:59:21,983 - navl.file_tree_viewer - DEBUG - Render a node.
2025-12-07 14:59:21,983 - navl.file_tree_viewer - DEBUG - Render a node.
2025-12-07 14:59:21,983 - navl.file_tree_viewer - DEBUG - Render a node.
2025-12-07 14:59:21,983 - navl.file_tree_viewer - DEBUG - Render a node.
2025-12-07 14:59:21,984 - navl.file_tree_viewer - DEBUG - Render a node.
2025-12-07 14:59:21,984 - navl.file_tree_viewer - DEBUG - Render a node.
2025-12-07 14:59:21,984 - navl.file_tree_viewer - DEBUG - Render a node.
2025-12-07 14:59:21,984 - navl.file_tree_viewer - DEBUG - Render a node.
2025-12-07 14:59:21,984 - navl.file_tree_viewer - DEBUG - Render a node.
2025-12-07 14:59:21,984 - navl.file_tree_viewer - DEBUG - Render a node.
2025-12-07 14:59:21,984 - navl.file_tree_viewer - DEBUG - Render a node.
2025-12-07 14:59:22,109 - navl.file_tree_viewer - DEBUG - Render a node.
2025-12-07 14:59:22,109 - navl.file_tree_viewer - DEBUG - Render a node.
2025-12-07 14:59:22,109 - navl.file_tree_viewer - DEBUG - Render a node.
2025-12-07 14:59:22,109 - navl.file_tree_viewer - DEBUG - Render a node.
2025-12-07 14:59:22,110 - navl.file_tree_viewer - DEBUG - Render a node.
2025-12-07 14:59:22,110 - navl.file_tree_viewer - DEBUG - Render a node.
2025-12-07 14:59:22,110 - navl.file_tree_viewer - DEBUG - Render a node.
2025-12-07 14:59:22,110 - navl.file_tree_viewer - DEBUG - Render a node.
2025-12-07 14:59:22,110 - navl.file_tree_viewer - DEBUG - Render a node.
2025-12-07 14:59:22,110 - navl.file_tree_viewer - DEBUG - Render a node.
2025-12-07 14:59:22,110 - navl.file_tree_viewer - DEBUG - Render a node.
2025-12-07 14:59:22,193 - navl.file_tree_viewer - DEBUG - Render a node.
2025-12-07 14:59:22,193 - navl.file_tree_viewer - DEBUG - Render a node.
2025-12-07 14:59:22,193 - navl.file_tree_viewer - DEBUG - Render a node.
2025-12-07 14:59:22,193 - navl.file_tree_viewer - DEBUG - Render a node.
2025-12-07 14:59:22,194 - navl.file_tree_viewer - DEBUG - Render a node.
2025-12-07 14:59:22,194 - navl.file_tree_viewer - DEBUG - Render a node.
2025-12-07 14:59:22,194 - navl.file_tree_viewer - DEBUG - Render a node.
2025-12-07 14:59:22,194 - navl.file_tree_viewer - DEBUG - Render a node.
2025-12-07 14:59:22,194 - navl.file_tree_viewer - DEBUG - Render a node.
2025-12-07 14:59:22,194 - navl.file_tree_viewer - DEBUG - Render a node.
2025-12-07 14:59:22,195 - navl.file_tree_viewer - DEBUG - Render a node.
2025-12-07 14:59:22,235 - navl.file_tree_viewer - DEBUG - Render a node.
2025-12-07 14:59:22,235 - navl.file_tree_viewer - DEBUG - Render a node.
2025-12-07 14:59:22,236 - navl.file_tree_viewer - DEBUG - Render a node.
2025-12-07 14:59:22,236 - navl.file_tree_viewer - DEBUG - Render a node.
2025-12-07 14:59:22,236 - navl.file_tree_viewer - DEBUG - Render a node.
2025-12-07 14:59:22,236 - navl.file_tree_viewer - DEBUG - Render a node.
2025-12-07 14:59:22,236 - navl.file_tree_viewer - DEBUG - Render a node.
2025-12-07 14:59:22,236 - navl.file_tree_viewer - DEBUG - Render a node.
2025-12-07 14:59:22,237 - navl.file_tree_viewer - DEBUG - Render a node.
2025-12-07 14:59:22,237 - navl.file_tree_viewer - DEBUG - Render a node.
2025-12-07 14:59:22,237 - navl.file_tree_viewer - DEBUG - Render a node.
2025-12-07 14:59:22,265 - navl.file_tree_viewer - DEBUG - Render a node.
2025-12-07 14:59:22,265 - navl.file_tree_viewer - DEBUG - Render a node.
2025-12-07 14:59:22,265 - navl.file_tree_viewer - DEBUG - Render a node.
2025-12-07 14:59:22,265 - navl.file_tree_viewer - DEBUG - Render a node.
2025-12-07 14:59:22,266 - navl.file_tree_viewer - DEBUG - Render a node.
2025-12-07 14:59:22,266 - navl.file_tree_viewer - DEBUG - Render a node.
2025-12-07 14:59:22,266 - navl.file_tree_viewer - DEBUG - Render a node.
2025-12-07 14:59:22,266 - navl.file_tree_viewer - DEBUG - Render a node.
2025-12-07 14:59:22,266 - navl.file_tree_viewer - DEBUG - Render a node.
2025-12-07 14:59:22,266 - navl.file_tree_viewer - DEBUG - Render a node.
2025-12-07 14:59:22,266 - navl.file_tree_viewer - DEBUG - Render a node.
2025-12-07 14:59:22,354 - navl.file_tree_viewer - DEBUG - Render a node.
2025-12-07 14:59:22,354 - navl.file_tree_viewer - DEBUG - Render a node.
2025-12-07 14:59:22,354 - navl.file_tree_viewer - DEBUG - Render a node.
2025-12-07 14:59:22,355 - navl.file_tree_viewer - DEBUG - Render a node.
2025-12-07 14:59:22,355 - navl.file_tree_viewer - DEBUG - Render a node.
2025-12-07 14:59:22,355 - navl.file_tree_viewer - DEBUG - Render a node.
2025-12-07 14:59:22,355 - navl.file_tree_viewer - DEBUG - Render a node.
2025-12-07 14:59:22,355 - navl.file_tree_viewer - DEBUG - Render a node.
2025-12-07 14:59:22,355 - navl.file_tree_viewer - DEBUG - Render a node.
2025-12-07 14:59:22,355 - navl.file_tree_viewer - DEBUG - Render a node.
2025-12-07 14:59:22,355 - navl.file_tree_viewer - DEBUG - Render a node.
2025-12-07 14:59:22,453 - navl.file_tree_viewer - DEBUG - Render a node.
2025-12-07 14:59:22,454 - navl.file_tree_viewer - DEBUG - Render a node.
2025-12-07 14:59:22,454 - navl.file_tree_viewer - DEBUG - Render a node.
2025-12-07 14:59:22,454 - navl.file_tree_viewer - DEBUG - Render a node.
2025-12-07 14:59:22,454 - navl.file_tree_viewer - DEBUG - Render a node.
2025-12-07 14:59:22,454 - navl.file_tree_viewer - DEBUG - Render a node.
2025-12-07 14:59:22,454 - navl.file_tree_viewer - DEBUG - Render a node.
2025-12-07 14:59:22,454 - navl.file_tree_viewer - DEBUG - Render a node.
2025-12-07 14:59:22,454 - navl.file_tree_viewer - DEBUG - Render a node.
2025-12-07 14:59:22,454 - navl.file_tree_viewer - DEBUG - Render a node.
2025-12-07 14:59:22,455 - navl.file_tree_viewer - DEBUG - Render a node.
2025-12-07 14:59:22,490 - navl.file_tree_viewer - DEBUG - Render a node.
2025-12-07 14:59:22,490 - navl.file_tree_viewer - DEBUG - Render a node.
2025-12-07 14:59:22,490 - navl.file_tree_viewer - DEBUG - Render a node.
2025-12-07 14:59:22,490 - navl.file_tree_viewer - DEBUG - Render a node.
2025-12-07 14:59:22,491 - navl.file_tree_viewer - DEBUG - Render a node.
2025-12-07 14:59:22,491 - navl.file_tree_viewer - DEBUG - Render a node.
2025-12-07 14:59:22,491 - navl.file_tree_viewer - DEBUG - Render a node.
2025-12-07 14:59:22,491 - navl.file_tree_viewer - DEBUG - Render a node.
2025-12-07 14:59:22,491 - navl.file_tree_viewer - DEBUG - Render a node.
2025-12-07 14:59:22,491 - navl.file_tree_viewer - DEBUG - Render a node.
2025-12-07 14:59:22,492 - navl.file_tree_viewer - DEBUG - Render a node.
2025-12-07 14:59:22,598 - navl.file_tree_viewer - DEBUG - Render a node.
2025-12-07 14:59:22,598 - navl.file_tree_viewer - DEBUG - Render a node.
2025-12-07 14:59:22,598 - navl.file_tree_viewer - DEBUG - Render a node.
2025-12-07 14:59:22,599 - navl.file_tree_viewer - DEBUG - Render a node.
2025-12-07 14:59:22,599 - navl.file_tree_viewer - DEBUG - Render a node.
2025-12-07 14:59:22,599 - navl.file_tree_viewer - DEBUG - Render a node.
2025-12-07 14:59:22,599 - navl.file_tree_viewer - DEBUG - Render a node.
2025-12-07 14:59:22,599 - navl.file_tree_viewer - DEBUG - Render a node.
2025-12-07 14:59:22,599 - navl.file_tree_viewer - DEBUG - Render a node.
2025-12-07 14:59:22,599 - navl.file_tree_viewer - DEBUG - Render a node.
2025-12-07 14:59:22,599 - navl.file_tree_viewer - DEBUG - Render a node.
2025-12-07 14:59:22,651 - navl.file_tree_viewer - DEBUG - Render a node.
2025-12-07 14:59:22,651 - navl.file_tree_viewer - DEBUG - Render a node.
2025-12-07 14:59:22,651 - navl.file_tree_viewer - DEBUG - Render a node.
2025-12-07 14:59:22,651 - navl.file_tree_viewer - DEBUG - Render a node.
2025-12-07 14:59:22,651 - navl.file_tree_viewer - DEBUG - Render a node.
2025-12-07 14:59:22,651 - navl.file_tree_viewer - DEBUG - Render a node.
2025-12-07 14:59:22,651 - navl.file_tree_viewer - DEBUG - Render a node.
2025-12-07 14:59:22,652 - navl.file_tree_viewer - DEBUG - Render a node.
2025-12-07 14:59:22,652 - navl.file_tree_viewer - DEBUG - Render a node.
2025-12-07 14:59:22,652 - navl.file_tree_viewer - DEBUG - Render a node.
2025-12-07 14:59:22,652 - navl.file_tree_viewer - DEBUG - Render a node.
2025-12-07 14:59:22,675 - navl.file_tree_viewer - DEBUG - Render a node.
2025-12-07 14:59:22,675 - navl.file_tree_viewer - DEBUG - Render a node.
2025-12-07 14:59:22,675 - navl.file_tree_viewer - DEBUG - Render a node.
2025-12-07 14:59:22,675 - navl.file_tree_viewer - DEBUG - Render a node.
2025-12-07 14:59:22,675 - navl.file_tree_viewer - DEBUG - Render a node.
2025-12-07 14:59:22,675 - navl.file_tree_viewer - DEBUG - Render a node.
2025-12-07 14:59:22,675 - navl.file_tree_viewer - DEBUG - Render a node.
2025-12-07 14:59:22,676 - navl.file_tree_viewer - DEBUG - Render a node.
2025-12-07 14:59:22,676 - navl.file_tree_viewer - DEBUG - Render a node.
2025-12-07 14:59:22,676 - navl.file_tree_viewer - DEBUG - Render a node.
2025-12-07 14:59:22,676 - navl.file_tree_viewer - DEBUG - Render a node.
2025-12-07 14:59:22,694 - navl.file_tree_viewer - DEBUG - Render a node.
2025-12-07 14:59:22,694 - navl.file_tree_viewer - DEBUG - Render a node.
2025-12-07 14:59:22,695 - navl.file_tree_viewer - DEBUG - Render a node.
2025-12-07 14:59:22,695 - navl.file_tree_viewer - DEBUG - Render a node.
2025-12-07 14:59:22,695 - navl.file_tree_viewer - DEBUG - Render a node.
2025-12-07 14:59:22,695 - navl.file_tree_viewer - DEBUG - Render a node.
2025-12-07 14:59:22,695 - navl.file_tree_viewer - DEBUG - Render a node.
2025-12-07 14:59:22,695 - navl.file_tree_viewer - DEBUG - Render a node.
2025-12-07 14:59:22,695 - navl.file_tree_viewer - DEBUG - Render a node.
2025-12-07 14:59:22,695 - navl.file_tree_viewer - DEBUG - Render a node.
2025-12-07 14:59:22,695 - navl.file_tree_viewer - DEBUG - Render a node.
2025-12-07 14:59:29,775 - navl.file_tree_viewer - DEBUG - Render a node.
2025-12-07 14:59:29,776 - navl.file_tree_viewer - DEBUG - Render a node.
2025-12-07 14:59:29,776 - navl.file_tree_viewer - DEBUG - Render a node.
2025-12-07 14:59:29,776 - navl.file_tree_viewer - DEBUG - Render a node.
2025-12-07 14:59:29,776 - navl.file_tree_viewer - DEBUG - Render a node.
2025-12-07 14:59:29,776 - navl.file_tree_viewer - DEBUG - Render a node.
2025-12-07 14:59:29,776 - navl.file_tree_viewer - DEBUG - Render a node.
2025-12-07 14:59:29,776 - navl.file_tree_viewer - DEBUG - Render a node.
2025-12-07 14:59:29,776 - navl.file_tree_viewer - DEBUG - Render a node.
2025-12-07 14:59:29,777 - navl.file_tree_viewer - DEBUG - Render a node.
2025-12-07 14:59:29,777 - navl.file_tree_viewer - DEBUG - Render a node.
2025-12-07 14:59:29,964 - navl.file_tree_viewer - DEBUG - Render a node.
2025-12-07 14:59:29,964 - navl.file_tree_viewer - DEBUG - Render a node.
2025-12-07 14:59:29,964 - navl.file_tree_viewer - DEBUG - Render a node.
2025-12-07 14:59:29,965 - navl.file_tree_viewer - DEBUG - Render a node.
2025-12-07 14:59:29,965 - navl.file_tree_viewer - DEBUG - Render a node.
2025-12-07 14:59:29,965 - navl.file_tree_viewer - DEBUG - Render a node.
2025-12-07 14:59:29,965 - navl.file_tree_viewer - DEBUG - Render a node.
2025-12-07 14:59:29,965 - navl.file_tree_viewer - DEBUG - Render a node.
2025-12-07 14:59:29,965 - navl.file_tree_viewer - DEBUG - Render a node.
2025-12-07 14:59:29,965 - navl.file_tree_viewer - DEBUG - Render a node.
2025-12-07 14:59:29,965 - navl.file_tree_viewer - DEBUG - Render a node.
2025-12-07 14:59:30,035 - navl.file_tree_viewer - DEBUG - Render a node.
2025-12-07 14:59:30,036 - navl.file_tree_viewer - DEBUG - Render a node.
2025-12-07 14:59:30,036 - navl.file_tree_viewer - DEBUG - Render a node.
2025-12-07 14:59:30,036 - navl.file_tree_viewer - DEBUG - Render a node.
2025-12-07 14:59:30,036 - navl.file_tree_viewer - DEBUG - Render a node.
2025-12-07 14:59:30,036 - navl.file_tree_viewer - DEBUG - Render a node.
2025-12-07 14:59:30,036 - navl.file_tree_viewer - DEBUG - Render a node.
2025-12-07 14:59:30,036 - navl.file_tree_viewer - DEBUG - Render a node.
2025-12-07 14:59:30,036 - navl.file_tree_viewer - DEBUG - Render a node.
2025-12-07 14:59:30,036 - navl.file_tree_viewer - DEBUG - Render a node.
2025-12-07 14:59:30,037 - navl.file_tree_viewer - DEBUG - Render a node.
2025-12-07 14:59:30,099 - navl.file_tree_viewer - DEBUG - Render a node.
2025-12-07 14:59:30,099 - navl.file_tree_viewer - DEBUG - Render a node.
2025-12-07 14:59:30,099 - navl.file_tree_viewer - DEBUG - Render a node.
2025-12-07 14:59:30,099 - navl.file_tree_viewer - DEBUG - Render a node.
2025-12-07 14:59:30,099 - navl.file_tree_viewer - DEBUG - Render a node.
2025-12-07 14:59:30,099 - navl.file_tree_viewer - DEBUG - Render a node.
2025-12-07 14:59:30,099 - navl.file_tree_viewer - DEBUG - Render a node.
2025-12-07 14:59:30,099 - navl.file_tree_viewer - DEBUG - Render a node.
2025-12-07 14:59:30,100 - navl.file_tree_viewer - DEBUG - Render a node.
2025-12-07 14:59:30,100 - navl.file_tree_viewer - DEBUG - Render a node.
2025-12-07 14:59:30,100 - navl.file_tree_viewer - DEBUG - Render a node.
2025-12-07 14:59:30,218 - navl.file_tree_viewer - DEBUG - Render a node.
2025-12-07 14:59:30,219 - navl.file_tree_viewer - DEBUG - Render a node.
2025-12-07 14:59:30,219 - navl.file_tree_viewer - DEBUG - Render a node.
2025-12-07 14:59:30,219 - navl.file_tree_viewer - DEBUG - Render a node.
2025-12-07 14:59:30,219 - navl.file_tree_viewer - DEBUG - Render a node.
2025-12-07 14:59:30,219 - navl.file_tree_viewer - DEBUG - Render a node.
2025-12-07 14:59:30,219 - navl.file_tree_viewer - DEBUG - Render a node.
2025-12-07 14:59:30,220 - navl.file_tree_viewer - DEBUG - Render a node.
2025-12-07 14:59:30,220 - navl.file_tree_viewer - DEBUG - Render a node.
2025-12-07 14:59:30,220 - navl.file_tree_viewer - DEBUG - Render a node.
2025-12-07 14:59:30,220 - navl.file_tree_viewer - DEBUG - Render a node.
2025-12-07 14:59:30,333 - navl.file_tree_viewer - DEBUG - Render a node.
2025-12-07 14:59:30,333 - navl.file_tree_viewer - DEBUG - Render a node.
2025-12-07 14:59:30,334 - navl.file_tree_viewer - DEBUG - Render a node.
2025-12-07 14:59:30,334 - navl.file_tree_viewer - DEBUG - Render a node.
2025-12-07 14:59:30,334 - navl.file_tree_viewer - DEBUG - Render a node.
2025-12-07 14:59:30,334 - navl.file_tree_viewer - DEBUG - Render a node.
2025-12-07 14:59:30,334 - navl.file_tree_viewer - DEBUG - Render a node.
2025-12-07 14:59:30,334 - navl.file_tree_viewer - DEBUG - Render a node.
2025-12-07 14:59:30,334 - navl.file_tree_viewer - DEBUG - Render a node.
2025-12-07 14:59:30,334 - navl.file_tree_viewer - DEBUG - Render a node.
2025-12-07 14:59:30,334 - navl.file_tree_viewer - DEBUG - Render a node.
2025-12-07 14:59:30,399 - navl.file_tree_viewer - DEBUG - Render a node.
2025-12-07 14:59:30,399 - navl.file_tree_viewer - DEBUG - Render a node.
2025-12-07 14:59:30,399 - navl.file_tree_viewer - DEBUG - Render a node.
2025-12-07 14:59:30,399 - navl.file_tree_viewer - DEBUG - Render a node.
2025-12-07 14:59:30,400 - navl.file_tree_viewer - DEBUG - Render a node.
2025-12-07 14:59:30,400 - navl.file_tree_viewer - DEBUG - Render a node.
2025-12-07 14:59:30,400 - navl.file_tree_viewer - DEBUG - Render a node.
2025-12-07 14:59:30,400 - navl.file_tree_viewer - DEBUG - Render a node.
2025-12-07 14:59:30,400 - navl.file_tree_viewer - DEBUG - Render a node.
2025-12-07 14:59:30,400 - navl.file_tree_viewer - DEBUG - Render a node.
2025-12-07 14:59:30,400 - navl.file_tree_viewer - DEBUG - Render a node.
2025-12-07 14:59:30,470 - navl.file_tree_viewer - DEBUG - Render a node.
2025-12-07 14:59:30,470 - navl.file_tree_viewer - DEBUG - Render a node.
2025-12-07 14:59:30,470 - navl.file_tree_viewer - DEBUG - Render a node.
2025-12-07 14:59:30,470 - navl.file_tree_viewer - DEBUG - Render a node.
2025-12-07 14:59:30,470 - navl.file_tree_viewer - DEBUG - Render a node.
2025-12-07 14:59:30,470 - navl.file_tree_viewer - DEBUG - Render a node.
2025-12-07 14:59:30,470 - navl.file_tree_viewer - DEBUG - Render a node.
2025-12-07 14:59:30,471 - navl.file_tree_viewer - DEBUG - Render a node.
2025-12-07 14:59:30,471 - navl.file_tree_viewer - DEBUG - Render a node.
2025-12-07 14:59:30,471 - navl.file_tree_viewer - DEBUG - Render a node.
2025-12-07 14:59:30,471 - navl.file_tree_viewer - DEBUG - Render a node.
2025-12-07 14:59:30,778 - navl.file_tree_viewer - DEBUG - Render a node.
2025-12-07 14:59:30,779 - navl.file_tree_viewer - DEBUG - Render a node.
2025-12-07 14:59:30,779 - navl.file_tree_viewer - DEBUG - Render a node.
2025-12-07 14:59:30,779 - navl.file_tree_viewer - DEBUG - Render a node.
2025-12-07 14:59:30,779 - navl.file_tree_viewer - DEBUG - Render a node.
2025-12-07 14:59:30,779 - navl.file_tree_viewer - DEBUG - Render a node.
2025-12-07 14:59:30,779 - navl.file_tree_viewer - DEBUG - Render a node.
2025-12-07 14:59:30,779 - navl.file_tree_viewer - DEBUG - Render a node.
2025-12-07 14:59:30,779 - navl.file_tree_viewer - DEBUG - Render a node.
2025-12-07 14:59:30,779 - navl.file_tree_viewer - DEBUG - Render a node.
2025-12-07 14:59:30,780 - navl.file_tree_viewer - DEBUG - Render a node.
2025-12-07 15:02:34,295 - navl.file_tree_viewer - DEBUG - init root
2025-12-07 15:02:34,303 - asyncio - DEBUG - Using selector: EpollSelector
2025-12-07 15:02:34,305 - navl.file_tree_viewer - DEBUG - Render a node.
2025-12-07 15:02:34,306 - navl.file_tree_viewer - DEBUG - Render a node.
2025-12-07 15:02:34,306 - navl.file_tree_viewer - DEBUG - Render a node.
2025-12-07 15:02:34,306 - navl.file_tree_viewer - DEBUG - Render a node.
2025-12-07 15:02:34,306 - navl.file_tree_viewer - DEBUG - Render a node.
2025-12-07 15:02:34,306 - navl.file_tree_viewer - DEBUG - Render a node.
2025-12-07 15:02:34,306 - navl.file_tree_viewer - DEBUG - Render a node.
2025-12-07 15:02:34,306 - navl.file_tree_viewer - DEBUG - Render a node.
2025-12-07 15:02:34,307 - navl.file_tree_viewer - DEBUG - Render a node.
2025-12-07 15:02:34,307 - navl.file_tree_viewer - DEBUG - Render a node.
2025-12-07 15:02:34,307 - navl.file_tree_viewer - DEBUG - Render a node.
2025-12-07 15:02:43,171 - navl.file_tree_viewer - DEBUG - setting new focus direction=1
2025-12-07 15:02:43,173 - navl.file_tree_viewer - DEBUG - Render a node.
2025-12-07 15:02:43,181 - navl.file_tree_viewer - DEBUG - Render a node.
2025-12-07 15:02:43,181 - navl.file_tree_viewer - DEBUG - Render a node.
2025-12-07 15:02:43,181 - navl.file_tree_viewer - DEBUG - Render a node.
2025-12-07 15:02:43,181 - navl.file_tree_viewer - DEBUG - Render a node.
2025-12-07 15:02:43,181 - navl.file_tree_viewer - DEBUG - Render a node.
2025-12-07 15:02:43,182 - navl.file_tree_viewer - DEBUG - Render a node.
2025-12-07 15:02:43,182 - navl.file_tree_viewer - DEBUG - Render a node.
2025-12-07 15:02:43,182 - navl.file_tree_viewer - DEBUG - Render a node.
2025-12-07 15:02:43,182 - navl.file_tree_viewer - DEBUG - Render a node.
2025-12-07 15:02:43,182 - navl.file_tree_viewer - DEBUG - Render a node.
2025-12-07 15:03:00,707 - navl.file_tree_viewer - DEBUG - setting new focus direction=1
2025-12-07 15:03:00,709 - navl.file_tree_viewer - DEBUG - Render a node.
2025-12-07 15:03:00,709 - navl.file_tree_viewer - DEBUG - Render a node.
2025-12-07 15:03:00,709 - navl.file_tree_viewer - DEBUG - Render a node.
2025-12-07 15:03:00,709 - navl.file_tree_viewer - DEBUG - Render a node.
2025-12-07 15:03:00,710 - navl.file_tree_viewer - DEBUG - Render a node.
2025-12-07 15:03:00,710 - navl.file_tree_viewer - DEBUG - Render a node.
2025-12-07 15:03:00,710 - navl.file_tree_viewer - DEBUG - Render a node.
2025-12-07 15:03:00,710 - navl.file_tree_viewer - DEBUG - Render a node.
2025-12-07 15:03:00,710 - navl.file_tree_viewer - DEBUG - Render a node.
2025-12-07 15:03:00,710 - navl.file_tree_viewer - DEBUG - Render a node.
2025-12-07 15:03:00,711 - navl.file_tree_viewer - DEBUG - Render a node.
2025-12-07 15:05:37,810 - navl.file_tree_viewer - DEBUG - Render a node.
2025-12-07 15:05:37,810 - navl.file_tree_viewer - DEBUG - Render a node.
2025-12-07 15:05:37,862 - navl.file_tree_viewer - DEBUG - Render a node.
2025-12-07 15:05:37,863 - navl.file_tree_viewer - DEBUG - Render a node.
2025-12-07 15:05:37,863 - navl.file_tree_viewer - DEBUG - Render a node.
2025-12-07 15:05:37,863 - navl.file_tree_viewer - DEBUG - Render a node.
2025-12-07 15:05:37,863 - navl.file_tree_viewer - DEBUG - Render a node.
2025-12-07 15:05:37,863 - navl.file_tree_viewer - DEBUG - Render a node.
2025-12-07 15:05:37,863 - navl.file_tree_viewer - DEBUG - Render a node.
2025-12-07 15:05:37,864 - navl.file_tree_viewer - DEBUG - Render a node.
2025-12-07 15:05:37,864 - navl.file_tree_viewer - DEBUG - Render a node.
2025-12-07 15:05:39,184 - navl.file_tree_viewer - DEBUG - init root
2025-12-07 15:05:39,191 - asyncio - DEBUG - Using selector: EpollSelector
2025-12-07 15:05:39,193 - navl.file_tree_viewer - DEBUG - Render a node.
2025-12-07 15:05:39,195 - navl.file_tree_viewer - DEBUG - Render a node.
2025-12-07 15:05:39,195 - navl.file_tree_viewer - DEBUG - Render a node.
2025-12-07 15:05:39,195 - navl.file_tree_viewer - DEBUG - Render a node.
2025-12-07 15:05:39,195 - navl.file_tree_viewer - DEBUG - Render a node.
2025-12-07 15:05:39,195 - navl.file_tree_viewer - DEBUG - Render a node.
2025-12-07 15:05:39,195 - navl.file_tree_viewer - DEBUG - Render a node.
2025-12-07 15:05:39,195 - navl.file_tree_viewer - DEBUG - Render a node.
2025-12-07 15:05:39,195 - navl.file_tree_viewer - DEBUG - Render a node.
2025-12-07 15:05:39,195 - navl.file_tree_viewer - DEBUG - Render a node.
2025-12-07 15:05:39,195 - navl.file_tree_viewer - DEBUG - Render a node.
2025-12-07 15:05:40,679 - navl.file_tree_viewer - DEBUG - setting new focus direction=1
2025-12-07 15:05:40,679 - navl.file_tree_viewer - DEBUG - focussed name=.gitignore
2025-12-07 15:05:40,681 - navl.file_tree_viewer - DEBUG - Render a node.
2025-12-07 15:05:40,681 - navl.file_tree_viewer - DEBUG - Render a node.
2025-12-07 15:05:40,681 - navl.file_tree_viewer - DEBUG - Render a node.
2025-12-07 15:05:40,681 - navl.file_tree_viewer - DEBUG - Render a node.
2025-12-07 15:05:40,681 - navl.file_tree_viewer - DEBUG - Render a node.
2025-12-07 15:05:40,681 - navl.file_tree_viewer - DEBUG - Render a node.
2025-12-07 15:05:40,681 - navl.file_tree_viewer - DEBUG - Render a node.
2025-12-07 15:05:40,681 - navl.file_tree_viewer - DEBUG - Render a node.
2025-12-07 15:05:40,681 - navl.file_tree_viewer - DEBUG - Render a node.
2025-12-07 15:05:40,681 - navl.file_tree_viewer - DEBUG - Render a node.
2025-12-07 15:05:40,681 - navl.file_tree_viewer - DEBUG - Render a node.
2025-12-07 15:05:46,864 - navl.file_tree_viewer - DEBUG - setting new focus direction=1
2025-12-07 15:05:46,864 - navl.file_tree_viewer - DEBUG - focussed name=.pre-commit-config.yaml
2025-12-07 15:05:46,866 - navl.file_tree_viewer - DEBUG - Render a node.
2025-12-07 15:05:46,866 - navl.file_tree_viewer - DEBUG - Render a node.
2025-12-07 15:05:46,866 - navl.file_tree_viewer - DEBUG - Render a node.
2025-12-07 15:05:46,866 - navl.file_tree_viewer - DEBUG - Render a node.
2025-12-07 15:05:46,866 - navl.file_tree_viewer - DEBUG - Render a node.
2025-12-07 15:05:46,867 - navl.file_tree_viewer - DEBUG - Render a node.
2025-12-07 15:05:46,867 - navl.file_tree_viewer - DEBUG - Render a node.
2025-12-07 15:05:46,867 - navl.file_tree_viewer - DEBUG - Render a node.
2025-12-07 15:05:46,867 - navl.file_tree_viewer - DEBUG - Render a node.
2025-12-07 15:05:46,867 - navl.file_tree_viewer - DEBUG - Render a node.
2025-12-07 15:05:46,868 - navl.file_tree_viewer - DEBUG - Render a node.
2025-12-07 15:06:48,101 - navl.file_tree_viewer - DEBUG - setting new focus direction=1
2025-12-07 15:06:48,102 - navl.file_tree_viewer - DEBUG - focussed name=.pytest_cache
2025-12-07 15:06:48,103 - navl.file_tree_viewer - DEBUG - Render a node.
2025-12-07 15:06:48,103 - navl.file_tree_viewer - DEBUG - Render a node.
2025-12-07 15:06:48,103 - navl.file_tree_viewer - DEBUG - Render a node.
2025-12-07 15:06:48,103 - navl.file_tree_viewer - DEBUG - Render a node.
2025-12-07 15:06:48,104 - navl.file_tree_viewer - DEBUG - Render a node.
2025-12-07 15:06:48,104 - navl.file_tree_viewer - DEBUG - Render a node.
2025-12-07 15:06:48,104 - navl.file_tree_viewer - DEBUG - Render a node.
2025-12-07 15:06:48,104 - navl.file_tree_viewer - DEBUG - Render a node.
2025-12-07 15:06:48,104 - navl.file_tree_viewer - DEBUG - Render a node.
2025-12-07 15:06:48,105 - navl.file_tree_viewer - DEBUG - Render a node.
2025-12-07 15:06:48,105 - navl.file_tree_viewer - DEBUG - Render a node.
2025-12-07 15:06:52,953 - navl.file_tree_viewer - DEBUG - Render a node.
2025-12-07 15:06:52,953 - navl.file_tree_viewer - DEBUG - Render a node.
2025-12-07 15:06:52,953 - navl.file_tree_viewer - DEBUG - Render a node.
2025-12-07 15:06:52,954 - navl.file_tree_viewer - DEBUG - Render a node.
2025-12-07 15:06:52,955 - navl.file_tree_viewer - DEBUG - Render a node.
2025-12-07 15:06:52,955 - navl.file_tree_viewer - DEBUG - Render a node.
2025-12-07 15:06:52,956 - navl.file_tree_viewer - DEBUG - Render a node.
2025-12-07 15:06:52,956 - navl.file_tree_viewer - DEBUG - Render a node.
2025-12-07 15:06:52,956 - navl.file_tree_viewer - DEBUG - Render a node.
2025-12-07 15:06:52,956 - navl.file_tree_viewer - DEBUG - Render a node.
2025-12-07 15:06:52,956 - navl.file_tree_viewer - DEBUG - Render a node.
